<?xml version="1.0" encoding="UTF-8"?>
<testsuite name="io.oasp.gastronomy.restaurant.general.common.api.security.SecurityRestServiceImplTest" time="1.195" tests="3" errors="0" skipped="0" failures="0">
  <properties>
    <property name="java.runtime.name" value="Java(TM) SE Runtime Environment"/>
    <property name="sun.boot.library.path" value="D:\Devon-dist_2.1.2\software\java\jre\bin"/>
    <property name="java.vm.version" value="25.101-b13"/>
    <property name="user.country.format" value="ES"/>
    <property name="java.vm.vendor" value="Oracle Corporation"/>
    <property name="maven.multiModuleProjectDirectory" value="D:\Devon-dist_2.1.2\workspaces\examples\oasp4j"/>
    <property name="java.vendor.url" value="http://java.oracle.com/"/>
    <property name="path.separator" value=";"/>
    <property name="guice.disable.misplaced.annotation.check" value="true"/>
    <property name="java.vm.name" value="Java HotSpot(TM) 64-Bit Server VM"/>
    <property name="file.encoding.pkg" value="sun.io"/>
    <property name="user.script" value=""/>
    <property name="user.country" value="US"/>
    <property name="sun.java.launcher" value="SUN_STANDARD"/>
    <property name="sun.os.patch.level" value="Service Pack 1"/>
    <property name="java.vm.specification.name" value="Java Virtual Machine Specification"/>
    <property name="user.dir" value="D:\Devon-dist_2.1.2\workspaces\examples\oasp4j"/>
    <property name="java.runtime.version" value="1.8.0_101-b13"/>
    <property name="java.awt.graphicsenv" value="sun.awt.Win32GraphicsEnvironment"/>
    <property name="java.endorsed.dirs" value="D:\Devon-dist_2.1.2\software\java\jre\lib\endorsed"/>
    <property name="os.arch" value="amd64"/>
    <property name="java.io.tmpdir" value="C:\Users\pparrado\AppData\Local\Temp\"/>
    <property name="line.separator" value="&#10;"/>
    <property name="java.vm.specification.vendor" value="Oracle Corporation"/>
    <property name="user.variant" value=""/>
    <property name="os.name" value="Windows 7"/>
    <property name="classworlds.conf" value="D:\Devon-dist_2.1.2\software\maven\bin\m2.conf"/>
    <property name="sun.jnu.encoding" value="Cp1252"/>
    <property name="java.library.path" value="D:\Devon-dist_2.1.2\software\java\bin;C:\WINDOWS\Sun\Java\bin;C:\WINDOWS\system32;C:\WINDOWS;D:\Devon-dist_2.1.2\software\tomcat\bin;D:\Devon-dist_2.1.2\software\subversion;D:\Devon-dist_2.1.2\software\sonarqube\bin;D:\Devon-dist_2.1.2\software\Sencha;D:\Devon-dist_2.1.2\software\nodejs;D:\Devon-dist_2.1.2\software\maven\bin;D:\Devon-dist_2.1.2\software\java\bin;D:\Devon-dist_2.1.2\software\jasypt\bin;D:\Devon-dist_2.1.2\software\eclipse;D:\Devon-dist_2.1.2\software\devcon;D:\Devon-dist_2.1.2\software\ant\bin;D:\Devon-dist_2.1.2\software\Sencha\Cmd\default;C:\tools\ruby23\bin;C:\Program Files\IBM\MQ\java\lib;C:\Program Files\IBM\MQ\java\lib64;C:\WINDOWS\system32\WindowsPowerShell\v1.0\;D:\DevonDist\Devon-dist_2.0.0\software\subversion;C:\Program Files\Java\jdk1.8.0_77\bin;C:\ProgramData\Oracle\Java\javapath;C:\WINDOWS\system32;C:\WINDOWS;C:\WINDOWS\System32\Wbem;C:\WINDOWS\System32\WindowsPowerShell\v1.0\;C:\WINDOWS\System32\WindowsPowerShell\v1.0\;C:\Program Files\Ant\apache-ant-1.9.6/bin;C:\Program Files\Perforce;C:\Program Files\Perforce\DVCS\;D:\DevonDist\Devon-dist_2.0.0\software/..;D:\devon_dist\software\Sencha\Cmd\default/..;C:\Users\pparrado\bin\Sencha\Cmd\6.1.2.15/..;D:\DEV\devonfw\software\Sencha/..;C:\Users\pparrado\AppData\Local\atom\bin;D:\DevonDist\Devon-dist_2.0.0\software/..;D:\devon_dist\software\Sencha\Cmd\default/..;C:\Users\pparrado\bin\Sencha\Cmd\6.1.2.15/..;D:\DEV\devonfw\software\Sencha/..;C:\Users\pparrado\AppData;C:\apache-maven-3.3.9\bin;C:\Program Files\IBM\MQ\bin64;C:\Program Files\IBM\MQ\bin;C:\Program Files\IBM\MQ\tools\c\samples\bin;C:\ProgramData\chocolatey\bin;C:\Program Files\Java\jdk1.8.0_121\bin;C:\Program Files\Android\android-sdk\tools;C:\Program Files\Android\android-sdk\platform-tools;C:\Users\pparrado\AppData\Roaming\nvm;C:\Program Files\nodejs;C:\Program Files\nodejs\;C:\Program Files (x86)\Yarn\bin;D:\DevonDist\Devon-dist_2.0.0\software/..;D:\devon_dist\software\Sencha\Cmd\default/..;C:\Users\pparrado\bin\Sencha\Cmd\6.1.2.15/..;D:\DEV\devonfw\software\Sencha/..;C:\Users\pparrado\AppData\Local\Pandoc\;C:\Users\pparrado\AppData\Roaming\nvm;C:\Program Files\nodejs;C:\Users\pparrado\AppData\Roaming\npm;C:\Program Files (x86)\Microsoft VS Code\bin;C:\Users\pparrado\AppData\Local\Yarn\.bin;C:\Python27;C:\Users\pparrado\AppData\Roaming\npm;."/>
    <property name="java.specification.name" value="Java Platform API Specification"/>
    <property name="java.class.version" value="52.0"/>
    <property name="sun.management.compiler" value="HotSpot 64-Bit Tiered Compilers"/>
    <property name="os.version" value="6.1"/>
    <property name="user.home" value="D:\Devon-dist_2.1.2\conf"/>
    <property name="user.timezone" value="Europe/Paris"/>
    <property name="java.awt.printerjob" value="sun.awt.windows.WPrinterJob"/>
    <property name="java.specification.version" value="1.8"/>
    <property name="file.encoding" value="Cp1252"/>
    <property name="user.name" value="pparrado"/>
    <property name="java.class.path" value="D:\Devon-dist_2.1.2\software\maven\boot\plexus-classworlds-2.5.2.jar"/>
    <property name="java.vm.specification.version" value="1.8"/>
    <property name="sun.arch.data.model" value="64"/>
    <property name="java.home" value="D:\Devon-dist_2.1.2\software\java\jre"/>
    <property name="sun.java.command" value="org.codehaus.plexus.classworlds.launcher.Launcher install"/>
    <property name="java.specification.vendor" value="Oracle Corporation"/>
    <property name="user.language" value="en"/>
    <property name="user.language.format" value="es"/>
    <property name="awt.toolkit" value="sun.awt.windows.WToolkit"/>
    <property name="java.vm.info" value="mixed mode"/>
    <property name="java.version" value="1.8.0_101"/>
    <property name="java.ext.dirs" value="D:\Devon-dist_2.1.2\software\java\jre\lib\ext;C:\WINDOWS\Sun\Java\lib\ext"/>
    <property name="sun.boot.class.path" value="D:\Devon-dist_2.1.2\software\java\jre\lib\resources.jar;D:\Devon-dist_2.1.2\software\java\jre\lib\rt.jar;D:\Devon-dist_2.1.2\software\java\jre\lib\sunrsasign.jar;D:\Devon-dist_2.1.2\software\java\jre\lib\jsse.jar;D:\Devon-dist_2.1.2\software\java\jre\lib\jce.jar;D:\Devon-dist_2.1.2\software\java\jre\lib\charsets.jar;D:\Devon-dist_2.1.2\software\java\jre\lib\jfr.jar;D:\Devon-dist_2.1.2\software\java\jre\classes"/>
    <property name="sun.stderr.encoding" value="cp850"/>
    <property name="java.vendor" value="Oracle Corporation"/>
    <property name="maven.home" value="D:\Devon-dist_2.1.2\software\maven"/>
    <property name="file.separator" value="\"/>
    <property name="java.vendor.url.bug" value="http://bugreport.sun.com/bugreport/"/>
    <property name="sun.cpu.endian" value="little"/>
    <property name="sun.io.unicode.encoding" value="UnicodeLittle"/>
    <property name="sun.stdout.encoding" value="cp850"/>
    <property name="sun.desktop" value="windows"/>
    <property name="sun.cpu.isalist" value="amd64"/>
  </properties>
  <testcase name="testGetCurrentUser" classname="io.oasp.gastronomy.restaurant.general.common.api.security.SecurityRestServiceImplTest" time="1.109"/>
  <testcase name="testLogin" classname="io.oasp.gastronomy.restaurant.general.common.api.security.SecurityRestServiceImplTest" time="0.015"/>
  <testcase name="testGetCsrfToken" classname="io.oasp.gastronomy.restaurant.general.common.api.security.SecurityRestServiceImplTest" time="0.071"/>
</testsuite>